#
# There is insufficient memory for the Java Runtime Environment to continue.
# Native memory allocation (malloc) failed to allocate 48368 bytes for Chunk::new
# Possible reasons:
#   The system is out of physical RAM or swap space
#   The process is running with CompressedOops enabled, and the Java Heap may be blocking the growth of the native heap
# Possible solutions:
#   Reduce memory load on the system
#   Increase physical memory or swap space
#   Check if swap backing store is full
#   Decrease Java heap size (-Xmx/-Xms)
#   Decrease number of Java threads
#   Decrease Java thread stack sizes (-Xss)
#   Set larger code cache with -XX:ReservedCodeCacheSize=
#   JVM is running with Unscaled Compressed Oops mode in which the Java heap is
#     placed in the first 4GB address space. The Java Heap base address is the
#     maximum limit for the native heap growth. Please use -XX:HeapBaseMinAddress
#     to set the Java Heap base and to place the Java Heap above 4GB virtual address.
# This output file may be truncated or incomplete.
#
#  Out of Memory Error (./open/src/hotspot/share/memory/arena.cpp:197), pid=7508, tid=8000
#
# JRE version: Java(TM) SE Runtime Environment 18.9 (11.0.15+8) (build 11.0.15+8-LTS-149)
# Java VM: Java HotSpot(TM) 64-Bit Server VM 18.9 (11.0.15+8-LTS-149, mixed mode, tiered, compressed oops, g1 gc, windows-amd64)
# No core dump will be written. Minidumps are not enabled by default on client versions of Windows
#

---------------  S U M M A R Y ------------

Command Line: -Dmaven.multiModuleProjectDirectory=C:\Project\example\Proba-new -Dmaven.home=C:\Program Files\JetBrains\IntelliJ IDEA Community Edition 2022.2.1\plugins\maven\lib\maven3 -Dclassworlds.conf=C:\Program Files\JetBrains\IntelliJ IDEA Community Edition 2022.2.1\plugins\maven\lib\maven3\bin\m2.conf -Dmaven.ext.class.path=C:\Program Files\JetBrains\IntelliJ IDEA Community Edition 2022.2.1\plugins\maven\lib\maven-event-listener.jar -javaagent:C:\Program Files\JetBrains\IntelliJ IDEA Community Edition 2022.2.1\lib\idea_rt.jar=57876:C:\Program Files\JetBrains\IntelliJ IDEA Community Edition 2022.2.1\bin -Dfile.encoding=UTF-8 org.codehaus.classworlds.Launcher -Didea.version=2022.2.1 clean test

Host: Intel(R) Core(TM) i7-2670QM CPU @ 2.20GHz, 8 cores, 7G,  Windows 10 , 64 bit Build 19041 (10.0.19041.1202)
Time: Sun Sep 11 20:45:33 2022 RTZ 2 (зима) elapsed time: 0.505051 seconds (0d 0h 0m 0s)

---------------  T H R E A D  ---------------

Current thread (0x00000257f7900000):  JavaThread "C1 CompilerThread0" daemon [_thread_in_native, id=8000, stack(0x0000009825500000,0x0000009825600000)]


Current CompileTask:
C1:    505  589       3       java.net.URLStreamHandler::parseURL (1201 bytes)

Stack: [0x0000009825500000,0x0000009825600000]
Native frames: (J=compiled Java code, j=interpreted, Vv=VM code, C=native code)
V  [jvm.dll+0x629d8a]
V  [jvm.dll+0x7638ff]
V  [jvm.dll+0x764fa9]
V  [jvm.dll+0x765633]
V  [jvm.dll+0x23d9c8]
V  [jvm.dll+0xb2a1c]
V  [jvm.dll+0xb2fdc]
V  [jvm.dll+0x15f349]
V  [jvm.dll+0x15dd8b]
V  [jvm.dll+0x1189d5]
V  [jvm.dll+0x11826f]
V  [jvm.dll+0x11849f]
V  [jvm.dll+0x117744]
V  [jvm.dll+0x119617]
V  [jvm.dll+0x207026]
V  [jvm.dll+0x2051bb]
V  [jvm.dll+0x729820]
V  [jvm.dll+0x7223f4]
V  [jvm.dll+0x628c26]
C  [ucrtbase.dll+0x21bb2]
C  [KERNEL32.DLL+0x17034]
C  [ntdll.dll+0x52651]


---------------  P R O C E S S  ---------------

Threads class SMR info:
_java_thread_list=0x00000257f78f6d60, length=11, elements={
0x00000257d90c3000, 0x00000257f7886800, 0x00000257f788f800, 0x00000257f78f3000,
0x00000257f78f4000, 0x00000257f78f7800, 0x00000257f78fd800, 0x00000257f7900000,
0x00000257f7914800, 0x00000257f7916800, 0x00000257f7915800
}

Java Threads: ( => current thread )
  0x00000257d90c3000 JavaThread "main" [_thread_blocked, id=1604, stack(0x0000009824800000,0x0000009824900000)]
  0x00000257f7886800 JavaThread "Reference Handler" daemon [_thread_blocked, id=7060, stack(0x0000009824f00000,0x0000009825000000)]
  0x00000257f788f800 JavaThread "Finalizer" daemon [_thread_blocked, id=8340, stack(0x0000009825000000,0x0000009825100000)]
  0x00000257f78f3000 JavaThread "Signal Dispatcher" daemon [_thread_blocked, id=7488, stack(0x0000009825100000,0x0000009825200000)]
  0x00000257f78f4000 JavaThread "Attach Listener" daemon [_thread_blocked, id=4088, stack(0x0000009825200000,0x0000009825300000)]
  0x00000257f78f7800 JavaThread "Service Thread" daemon [_thread_blocked, id=7384, stack(0x0000009825300000,0x0000009825400000)]
  0x00000257f78fd800 JavaThread "C2 CompilerThread0" daemon [_thread_in_native, id=1344, stack(0x0000009825400000,0x0000009825500000)]
=>0x00000257f7900000 JavaThread "C1 CompilerThread0" daemon [_thread_in_native, id=8000, stack(0x0000009825500000,0x0000009825600000)]
  0x00000257f7914800 JavaThread "Sweeper thread" daemon [_thread_blocked, id=4764, stack(0x0000009825600000,0x0000009825700000)]
  0x00000257f7916800 JavaThread "Common-Cleaner" daemon [_thread_blocked, id=1788, stack(0x0000009825700000,0x0000009825800000)]
  0x00000257f7915800 JavaThread "Monitor Ctrl-Break" daemon [_thread_in_native, id=2408, stack(0x0000009825900000,0x0000009825a00000)]

Other Threads:
  0x00000257f7862800 VMThread "VM Thread" [stack: 0x0000009824e00000,0x0000009824f00000] [id=2520]
  0x00000257f7da7000 WatcherThread [stack: 0x0000009825a00000,0x0000009825b00000] [id=8720]
  0x00000257d90d6800 GCTaskThread "GC Thread#0" [stack: 0x0000009824900000,0x0000009824a00000] [id=8164]
  0x00000257d910b800 ConcurrentGCThread "G1 Main Marker" [stack: 0x0000009824a00000,0x0000009824b00000] [id=7884]
  0x00000257d910d000 ConcurrentGCThread "G1 Conc#0" [stack: 0x0000009824b00000,0x0000009824c00000] [id=8784]
  0x00000257d913d800 ConcurrentGCThread "G1 Refine#0" [stack: 0x0000009824c00000,0x0000009824d00000] [id=3744]
  0x00000257f685b000 ConcurrentGCThread "G1 Young RemSet Sampling" [stack: 0x0000009824d00000,0x0000009824e00000] [id=8680]

Threads with active compile tasks:
C2 CompilerThread0    526  591       4       java.lang.StringBuilder::append (8 bytes)
C1 CompilerThread0    526  589       3       java.net.URLStreamHandler::parseURL (1201 bytes)

VM state:not at safepoint (normal execution)

VM Mutex/Monitor currently owned by a thread: None

Heap address: 0x0000000081600000, size: 2026 MB, Compressed Oops mode: 32-bit
Narrow klass base: 0x0000000000000000, Narrow klass shift: 3
Compressed class space size: 1073741824 Address: 0x0000000100000000

Heap:
 garbage-first heap   total 131072K, used 8192K [0x0000000081600000, 0x0000000100000000)
  region size 1024K, 10 young (10240K), 0 survivors (0K)
 Metaspace       used 9040K, capacity 9189K, committed 9472K, reserved 1058816K
  class space    used 833K, capacity 920K, committed 1024K, reserved 1048576K
Heap Regions: E=young(eden), S=young(survivor), O=old, HS=humongous(starts), HC=humongous(continues), CS=collection set, F=free, A=archive, TAMS=top-at-mark-start (previous, next)
|   0|0x0000000081600000, 0x0000000081600000, 0x0000000081700000|  0%| F|  |TAMS 0x0000000081600000, 0x0000000081600000| Untracked 
|   1|0x0000000081700000, 0x0000000081700000, 0x0000000081800000|  0%| F|  |TAMS 0x0000000081700000, 0x0000000081700000| Untracked 
|   2|0x0000000081800000, 0x0000000081800000, 0x0000000081900000|  0%| F|  |TAMS 0x0000000081800000, 0x0000000081800000| Untracked 
|   3|0x0000000081900000, 0x0000000081900000, 0x0000000081a00000|  0%| F|  |TAMS 0x0000000081900000, 0x0000000081900000| Untracked 
|   4|0x0000000081a00000, 0x0000000081a00000, 0x0000000081b00000|  0%| F|  |TAMS 0x0000000081a00000, 0x0000000081a00000| Untracked 
|   5|0x0000000081b00000, 0x0000000081b00000, 0x0000000081c00000|  0%| F|  |TAMS 0x0000000081b00000, 0x0000000081b00000| Untracked 
|   6|0x0000000081c00000, 0x0000000081c00000, 0x0000000081d00000|  0%| F|  |TAMS 0x0000000081c00000, 0x0000000081c00000| Untracked 
|   7|0x0000000081d00000, 0x0000000081d00000, 0x0000000081e00000|  0%| F|  |TAMS 0x0000000081d00000, 0x0000000081d00000| Untracked 
|   8|0x0000000081e00000, 0x0000000081e00000, 0x0000000081f00000|  0%| F|  |TAMS 0x0000000081e00000, 0x0000000081e00000| Untracked 
|   9|0x0000000081f00000, 0x0000000081f00000, 0x0000000082000000|  0%| F|  |TAMS 0x0000000081f00000, 0x0000000081f00000| Untracked 
|  10|0x0000000082000000, 0x0000000082000000, 0x0000000082100000|  0%| F|  |TAMS 0x0000000082000000, 0x0000000082000000| Untracked 
|  11|0x0000000082100000, 0x0000000082100000, 0x0000000082200000|  0%| F|  |TAMS 0x0000000082100000, 0x0000000082100000| Untracked 
|  12|0x0000000082200000, 0x0000000082200000, 0x0000000082300000|  0%| F|  |TAMS 0x0000000082200000, 0x0000000082200000| Untracked 
|  13|0x0000000082300000, 0x0000000082300000, 0x0000000082400000|  0%| F|  |TAMS 0x0000000082300000, 0x0000000082300000| Untracked 
|  14|0x0000000082400000, 0x0000000082400000, 0x0000000082500000|  0%| F|  |TAMS 0x0000000082400000, 0x0000000082400000| Untracked 
|  15|0x0000000082500000, 0x0000000082500000, 0x0000000082600000|  0%| F|  |TAMS 0x0000000082500000, 0x0000000082500000| Untracked 
|  16|0x0000000082600000, 0x0000000082600000, 0x0000000082700000|  0%| F|  |TAMS 0x0000000082600000, 0x0000000082600000| Untracked 
|  17|0x0000000082700000, 0x0000000082700000, 0x0000000082800000|  0%| F|  |TAMS 0x0000000082700000, 0x0000000082700000| Untracked 
|  18|0x0000000082800000, 0x0000000082800000, 0x0000000082900000|  0%| F|  |TAMS 0x0000000082800000, 0x0000000082800000| Untracked 
|  19|0x0000000082900000, 0x0000000082900000, 0x0000000082a00000|  0%| F|  |TAMS 0x0000000082900000, 0x0000000082900000| Untracked 
|  20|0x0000000082a00000, 0x0000000082a00000, 0x0000000082b00000|  0%| F|  |TAMS 0x0000000082a00000, 0x0000000082a00000| Untracked 
|  21|0x0000000082b00000, 0x0000000082b00000, 0x0000000082c00000|  0%| F|  |TAMS 0x0000000082b00000, 0x0000000082b00000| Untracked 
|  22|0x0000000082c00000, 0x0000000082c00000, 0x0000000082d00000|  0%| F|  |TAMS 0x0000000082c00000, 0x0000000082c00000| Untracked 
|  23|0x0000000082d00000, 0x0000000082d00000, 0x0000000082e00000|  0%| F|  |TAMS 0x0000000082d00000, 0x0000000082d00000| Untracked 
|  24|0x0000000082e00000, 0x0000000082e00000, 0x0000000082f00000|  0%| F|  |TAMS 0x0000000082e00000, 0x0000000082e00000| Untracked 
|  25|0x0000000082f00000, 0x0000000082f00000, 0x0000000083000000|  0%| F|  |TAMS 0x0000000082f00000, 0x0000000082f00000| Untracked 
|  26|0x0000000083000000, 0x0000000083000000, 0x0000000083100000|  0%| F|  |TAMS 0x0000000083000000, 0x0000000083000000| Untracked 
|  27|0x0000000083100000, 0x0000000083100000, 0x0000000083200000|  0%| F|  |TAMS 0x0000000083100000, 0x0000000083100000| Untracked 
|  28|0x0000000083200000, 0x0000000083200000, 0x0000000083300000|  0%| F|  |TAMS 0x0000000083200000, 0x0000000083200000| Untracked 
|  29|0x0000000083300000, 0x0000000083300000, 0x0000000083400000|  0%| F|  |TAMS 0x0000000083300000, 0x0000000083300000| Untracked 
|  30|0x0000000083400000, 0x0000000083400000, 0x0000000083500000|  0%| F|  |TAMS 0x0000000083400000, 0x0000000083400000| Untracked 
|  31|0x0000000083500000, 0x0000000083500000, 0x0000000083600000|  0%| F|  |TAMS 0x0000000083500000, 0x0000000083500000| Untracked 
|  32|0x0000000083600000, 0x0000000083600000, 0x0000000083700000|  0%| F|  |TAMS 0x0000000083600000, 0x0000000083600000| Untracked 
|  33|0x0000000083700000, 0x0000000083700000, 0x0000000083800000|  0%| F|  |TAMS 0x0000000083700000, 0x0000000083700000| Untracked 
|  34|0x0000000083800000, 0x0000000083800000, 0x0000000083900000|  0%| F|  |TAMS 0x0000000083800000, 0x0000000083800000| Untracked 
|  35|0x0000000083900000, 0x0000000083900000, 0x0000000083a00000|  0%| F|  |TAMS 0x0000000083900000, 0x0000000083900000| Untracked 
|  36|0x0000000083a00000, 0x0000000083a00000, 0x0000000083b00000|  0%| F|  |TAMS 0x0000000083a00000, 0x0000000083a00000| Untracked 
|  37|0x0000000083b00000, 0x0000000083b00000, 0x0000000083c00000|  0%| F|  |TAMS 0x0000000083b00000, 0x0000000083b00000| Untracked 
|  38|0x0000000083c00000, 0x0000000083c00000, 0x0000000083d00000|  0%| F|  |TAMS 0x0000000083c00000, 0x0000000083c00000| Untracked 
|  39|0x0000000083d00000, 0x0000000083d00000, 0x0000000083e00000|  0%| F|  |TAMS 0x0000000083d00000, 0x0000000083d00000| Untracked 
|  40|0x0000000083e00000, 0x0000000083e00000, 0x0000000083f00000|  0%| F|  |TAMS 0x0000000083e00000, 0x0000000083e00000| Untracked 
|  41|0x0000000083f00000, 0x0000000083f00000, 0x0000000084000000|  0%| F|  |TAMS 0x0000000083f00000, 0x0000000083f00000| Untracked 
|  42|0x0000000084000000, 0x0000000084000000, 0x0000000084100000|  0%| F|  |TAMS 0x0000000084000000, 0x0000000084000000| Untracked 
|  43|0x0000000084100000, 0x0000000084100000, 0x0000000084200000|  0%| F|  |TAMS 0x0000000084100000, 0x0000000084100000| Untracked 
|  44|0x0000000084200000, 0x0000000084200000, 0x0000000084300000|  0%| F|  |TAMS 0x0000000084200000, 0x0000000084200000| Untracked 
|  45|0x0000000084300000, 0x0000000084300000, 0x0000000084400000|  0%| F|  |TAMS 0x0000000084300000, 0x0000000084300000| Untracked 
|  46|0x0000000084400000, 0x0000000084400000, 0x0000000084500000|  0%| F|  |TAMS 0x0000000084400000, 0x0000000084400000| Untracked 
|  47|0x0000000084500000, 0x0000000084500000, 0x0000000084600000|  0%| F|  |TAMS 0x0000000084500000, 0x0000000084500000| Untracked 
|  48|0x0000000084600000, 0x0000000084600000, 0x0000000084700000|  0%| F|  |TAMS 0x0000000084600000, 0x0000000084600000| Untracked 
|  49|0x0000000084700000, 0x0000000084700000, 0x0000000084800000|  0%| F|  |TAMS 0x0000000084700000, 0x0000000084700000| Untracked 
|  50|0x0000000084800000, 0x0000000084800000, 0x0000000084900000|  0%| F|  |TAMS 0x0000000084800000, 0x0000000084800000| Untracked 
|  51|0x0000000084900000, 0x0000000084900000, 0x0000000084a00000|  0%| F|  |TAMS 0x0000000084900000, 0x0000000084900000| Untracked 
|  52|0x0000000084a00000, 0x0000000084a00000, 0x0000000084b00000|  0%| F|  |TAMS 0x0000000084a00000, 0x0000000084a00000| Untracked 
|  53|0x0000000084b00000, 0x0000000084b00000, 0x0000000084c00000|  0%| F|  |TAMS 0x0000000084b00000, 0x0000000084b00000| Untracked 
|  54|0x0000000084c00000, 0x0000000084c00000, 0x0000000084d00000|  0%| F|  |TAMS 0x0000000084c00000, 0x0000000084c00000| Untracked 
|  55|0x0000000084d00000, 0x0000000084d00000, 0x0000000084e00000|  0%| F|  |TAMS 0x0000000084d00000, 0x0000000084d00000| Untracked 
|  56|0x0000000084e00000, 0x0000000084e00000, 0x0000000084f00000|  0%| F|  |TAMS 0x0000000084e00000, 0x0000000084e00000| Untracked 
|  57|0x0000000084f00000, 0x0000000084f00000, 0x0000000085000000|  0%| F|  |TAMS 0x0000000084f00000, 0x0000000084f00000| Untracked 
|  58|0x0000000085000000, 0x0000000085000000, 0x0000000085100000|  0%| F|  |TAMS 0x0000000085000000, 0x0000000085000000| Untracked 
|  59|0x0000000085100000, 0x0000000085100000, 0x0000000085200000|  0%| F|  |TAMS 0x0000000085100000, 0x0000000085100000| Untracked 
|  60|0x0000000085200000, 0x0000000085200000, 0x0000000085300000|  0%| F|  |TAMS 0x0000000085200000, 0x0000000085200000| Untracked 
|  61|0x0000000085300000, 0x0000000085300000, 0x0000000085400000|  0%| F|  |TAMS 0x0000000085300000, 0x0000000085300000| Untracked 
|  62|0x0000000085400000, 0x0000000085400000, 0x0000000085500000|  0%| F|  |TAMS 0x0000000085400000, 0x0000000085400000| Untracked 
|  63|0x0000000085500000, 0x0000000085500000, 0x0000000085600000|  0%| F|  |TAMS 0x0000000085500000, 0x0000000085500000| Untracked 
|  64|0x0000000085600000, 0x0000000085600000, 0x0000000085700000|  0%| F|  |TAMS 0x0000000085600000, 0x0000000085600000| Untracked 
|  65|0x0000000085700000, 0x0000000085700000, 0x0000000085800000|  0%| F|  |TAMS 0x0000000085700000, 0x0000000085700000| Untracked 
|  66|0x0000000085800000, 0x0000000085800000, 0x0000000085900000|  0%| F|  |TAMS 0x0000000085800000, 0x0000000085800000| Untracked 
|  67|0x0000000085900000, 0x0000000085900000, 0x0000000085a00000|  0%| F|  |TAMS 0x0000000085900000, 0x0000000085900000| Untracked 
|  68|0x0000000085a00000, 0x0000000085a00000, 0x0000000085b00000|  0%| F|  |TAMS 0x0000000085a00000, 0x0000000085a00000| Untracked 
|  69|0x0000000085b00000, 0x0000000085b00000, 0x0000000085c00000|  0%| F|  |TAMS 0x0000000085b00000, 0x0000000085b00000| Untracked 
|  70|0x0000000085c00000, 0x0000000085c00000, 0x0000000085d00000|  0%| F|  |TAMS 0x0000000085c00000, 0x0000000085c00000| Untracked 
|  71|0x0000000085d00000, 0x0000000085d00000, 0x0000000085e00000|  0%| F|  |TAMS 0x0000000085d00000, 0x0000000085d00000| Untracked 
|  72|0x0000000085e00000, 0x0000000085e00000, 0x0000000085f00000|  0%| F|  |TAMS 0x0000000085e00000, 0x0000000085e00000| Untracked 
|  73|0x0000000085f00000, 0x0000000085f00000, 0x0000000086000000|  0%| F|  |TAMS 0x0000000085f00000, 0x0000000085f00000| Untracked 
|  74|0x0000000086000000, 0x0000000086000000, 0x0000000086100000|  0%| F|  |TAMS 0x0000000086000000, 0x0000000086000000| Untracked 
|  75|0x0000000086100000, 0x0000000086100000, 0x0000000086200000|  0%| F|  |TAMS 0x0000000086100000, 0x0000000086100000| Untracked 
|  76|0x0000000086200000, 0x0000000086200000, 0x0000000086300000|  0%| F|  |TAMS 0x0000000086200000, 0x0000000086200000| Untracked 
|  77|0x0000000086300000, 0x0000000086300000, 0x0000000086400000|  0%| F|  |TAMS 0x0000000086300000, 0x0000000086300000| Untracked 
|  78|0x0000000086400000, 0x0000000086400000, 0x0000000086500000|  0%| F|  |TAMS 0x0000000086400000, 0x0000000086400000| Untracked 
|  79|0x0000000086500000, 0x0000000086500000, 0x0000000086600000|  0%| F|  |TAMS 0x0000000086500000, 0x0000000086500000| Untracked 
|  80|0x0000000086600000, 0x0000000086600000, 0x0000000086700000|  0%| F|  |TAMS 0x0000000086600000, 0x0000000086600000| Untracked 
|  81|0x0000000086700000, 0x0000000086700000, 0x0000000086800000|  0%| F|  |TAMS 0x0000000086700000, 0x0000000086700000| Untracked 
|  82|0x0000000086800000, 0x0000000086800000, 0x0000000086900000|  0%| F|  |TAMS 0x0000000086800000, 0x0000000086800000| Untracked 
|  83|0x0000000086900000, 0x0000000086900000, 0x0000000086a00000|  0%| F|  |TAMS 0x0000000086900000, 0x0000000086900000| Untracked 
|  84|0x0000000086a00000, 0x0000000086a00000, 0x0000000086b00000|  0%| F|  |TAMS 0x0000000086a00000, 0x0000000086a00000| Untracked 
|  85|0x0000000086b00000, 0x0000000086b00000, 0x0000000086c00000|  0%| F|  |TAMS 0x0000000086b00000, 0x0000000086b00000| Untracked 
|  86|0x0000000086c00000, 0x0000000086c00000, 0x0000000086d00000|  0%| F|  |TAMS 0x0000000086c00000, 0x0000000086c00000| Untracked 
|  87|0x0000000086d00000, 0x0000000086d00000, 0x0000000086e00000|  0%| F|  |TAMS 0x0000000086d00000, 0x0000000086d00000| Untracked 
|  88|0x0000000086e00000, 0x0000000086e00000, 0x0000000086f00000|  0%| F|  |TAMS 0x0000000086e00000, 0x0000000086e00000| Untracked 
|  89|0x0000000086f00000, 0x0000000086f00000, 0x0000000087000000|  0%| F|  |TAMS 0x0000000086f00000, 0x0000000086f00000| Untracked 
|  90|0x0000000087000000, 0x0000000087000000, 0x0000000087100000|  0%| F|  |TAMS 0x0000000087000000, 0x0000000087000000| Untracked 
|  91|0x0000000087100000, 0x0000000087100000, 0x0000000087200000|  0%| F|  |TAMS 0x0000000087100000, 0x0000000087100000| Untracked 
|  92|0x0000000087200000, 0x0000000087200000, 0x0000000087300000|  0%| F|  |TAMS 0x0000000087200000, 0x0000000087200000| Untracked 
|  93|0x0000000087300000, 0x0000000087300000, 0x0000000087400000|  0%| F|  |TAMS 0x0000000087300000, 0x0000000087300000| Untracked 
|  94|0x0000000087400000, 0x0000000087400000, 0x0000000087500000|  0%| F|  |TAMS 0x0000000087400000, 0x0000000087400000| Untracked 
|  95|0x0000000087500000, 0x0000000087500000, 0x0000000087600000|  0%| F|  |TAMS 0x0000000087500000, 0x0000000087500000| Untracked 
|  96|0x0000000087600000, 0x0000000087600000, 0x0000000087700000|  0%| F|  |TAMS 0x0000000087600000, 0x0000000087600000| Untracked 
|  97|0x0000000087700000, 0x0000000087700000, 0x0000000087800000|  0%| F|  |TAMS 0x0000000087700000, 0x0000000087700000| Untracked 
|  98|0x0000000087800000, 0x0000000087800000, 0x0000000087900000|  0%| F|  |TAMS 0x0000000087800000, 0x0000000087800000| Untracked 
|  99|0x0000000087900000, 0x0000000087900000, 0x0000000087a00000|  0%| F|  |TAMS 0x0000000087900000, 0x0000000087900000| Untracked 
| 100|0x0000000087a00000, 0x0000000087a00000, 0x0000000087b00000|  0%| F|  |TAMS 0x0000000087a00000, 0x0000000087a00000| Untracked 
| 101|0x0000000087b00000, 0x0000000087b00000, 0x0000000087c00000|  0%| F|  |TAMS 0x0000000087b00000, 0x0000000087b00000| Untracked 
| 102|0x0000000087c00000, 0x0000000087c00000, 0x0000000087d00000|  0%| F|  |TAMS 0x0000000087c00000, 0x0000000087c00000| Untracked 
| 103|0x0000000087d00000, 0x0000000087d00000, 0x0000000087e00000|  0%| F|  |TAMS 0x0000000087d00000, 0x0000000087d00000| Untracked 
| 104|0x0000000087e00000, 0x0000000087e00000, 0x0000000087f00000|  0%| F|  |TAMS 0x0000000087e00000, 0x0000000087e00000| Untracked 
| 105|0x0000000087f00000, 0x0000000087f00000, 0x0000000088000000|  0%| F|  |TAMS 0x0000000087f00000, 0x0000000087f00000| Untracked 
| 106|0x0000000088000000, 0x0000000088000000, 0x0000000088100000|  0%| F|  |TAMS 0x0000000088000000, 0x0000000088000000| Untracked 
| 107|0x0000000088100000, 0x0000000088100000, 0x0000000088200000|  0%| F|  |TAMS 0x0000000088100000, 0x0000000088100000| Untracked 
| 108|0x0000000088200000, 0x0000000088200000, 0x0000000088300000|  0%| F|  |TAMS 0x0000000088200000, 0x0000000088200000| Untracked 
| 109|0x0000000088300000, 0x0000000088300000, 0x0000000088400000|  0%| F|  |TAMS 0x0000000088300000, 0x0000000088300000| Untracked 
| 110|0x0000000088400000, 0x0000000088400000, 0x0000000088500000|  0%| F|  |TAMS 0x0000000088400000, 0x0000000088400000| Untracked 
| 111|0x0000000088500000, 0x0000000088500000, 0x0000000088600000|  0%| F|  |TAMS 0x0000000088500000, 0x0000000088500000| Untracked 
| 112|0x0000000088600000, 0x0000000088600000, 0x0000000088700000|  0%| F|  |TAMS 0x0000000088600000, 0x0000000088600000| Untracked 
| 113|0x0000000088700000, 0x0000000088700000, 0x0000000088800000|  0%| F|  |TAMS 0x0000000088700000, 0x0000000088700000| Untracked 
| 114|0x0000000088800000, 0x0000000088800000, 0x0000000088900000|  0%| F|  |TAMS 0x0000000088800000, 0x0000000088800000| Untracked 
| 115|0x0000000088900000, 0x0000000088900000, 0x0000000088a00000|  0%| F|  |TAMS 0x0000000088900000, 0x0000000088900000| Untracked 
| 116|0x0000000088a00000, 0x0000000088a00000, 0x0000000088b00000|  0%| F|  |TAMS 0x0000000088a00000, 0x0000000088a00000| Untracked 
| 117|0x0000000088b00000, 0x0000000088b00000, 0x0000000088c00000|  0%| F|  |TAMS 0x0000000088b00000, 0x0000000088b00000| Untracked 
| 118|0x0000000088c00000, 0x0000000088c7d030, 0x0000000088d00000| 48%| E|  |TAMS 0x0000000088c00000, 0x0000000088c00000| Complete 
| 119|0x0000000088d00000, 0x0000000088e00000, 0x0000000088e00000|100%| E|CS|TAMS 0x0000000088d00000, 0x0000000088d00000| Complete 
| 120|0x0000000088e00000, 0x0000000088f00000, 0x0000000088f00000|100%| E|CS|TAMS 0x0000000088e00000, 0x0000000088e00000| Complete 
| 121|0x0000000088f00000, 0x0000000089000000, 0x0000000089000000|100%| E|CS|TAMS 0x0000000088f00000, 0x0000000088f00000| Complete 
| 122|0x0000000089000000, 0x0000000089100000, 0x0000000089100000|100%| E|CS|TAMS 0x0000000089000000, 0x0000000089000000| Complete 
| 123|0x0000000089100000, 0x0000000089200000, 0x0000000089200000|100%| E|CS|TAMS 0x0000000089100000, 0x0000000089100000| Complete 
| 124|0x0000000089200000, 0x0000000089300000, 0x0000000089300000|100%| E|CS|TAMS 0x0000000089200000, 0x0000000089200000| Complete 
| 125|0x0000000089300000, 0x0000000089400000, 0x0000000089400000|100%| E|  |TAMS 0x0000000089300000, 0x0000000089300000| Complete 
| 126|0x0000000089400000, 0x0000000089500000, 0x0000000089500000|100%| E|CS|TAMS 0x0000000089400000, 0x0000000089400000| Complete 
| 127|0x0000000089500000, 0x0000000089600000, 0x0000000089600000|100%| E|CS|TAMS 0x0000000089500000, 0x0000000089500000| Complete 

Card table byte_map: [0x00000257efe40000,0x00000257f0240000] _byte_map_base: 0x00000257efa35000

Marking Bits (Prev, Next): (CMBitMap*) 0x00000257d9102b18, (CMBitMap*) 0x00000257d9102b50
 Prev Bits: [0x00000257f0640000, 0x00000257f25e8000)
 Next Bits: [0x00000257f25f0000, 0x00000257f4598000)

Polling page: 0x00000257d8840000

Metaspace:

Usage:
  Non-class:      8.08 MB capacity,     8.03 MB (>99%) used,    36.36 KB ( <1%) free+waste,     7.56 KB ( <1%) overhead. 
      Class:    920.00 KB capacity,   838.33 KB ( 91%) used,    77.92 KB (  8%) free+waste,     3.75 KB ( <1%) overhead. 
       Both:      8.97 MB capacity,     8.85 MB ( 99%) used,   114.28 KB (  1%) free+waste,    11.31 KB ( <1%) overhead. 

Virtual space:
  Non-class space:       10.00 MB reserved,       8.25 MB ( 83%) committed 
      Class space:        1.00 GB reserved,       1.00 MB ( <1%) committed 
             Both:        1.01 GB reserved,       9.25 MB ( <1%) committed 

Chunk freelists:
   Non-Class:  6.38 KB
       Class:  1.00 KB
        Both:  7.38 KB

CodeHeap 'non-profiled nmethods': size=120000Kb used=170Kb max_used=170Kb free=119829Kb
 bounds [0x00000257e81e0000, 0x00000257e8450000, 0x00000257ef710000]
CodeHeap 'profiled nmethods': size=120000Kb used=903Kb max_used=903Kb free=119096Kb
 bounds [0x00000257e0cb0000, 0x00000257e0f20000, 0x00000257e81e0000]
CodeHeap 'non-nmethods': size=5760Kb used=1064Kb max_used=1078Kb free=4696Kb
 bounds [0x00000257e0710000, 0x00000257e0980000, 0x00000257e0cb0000]
 total_blobs=959 nmethods=597 adapters=274
 compilation: enabled
              stopped_count=0, restarted_count=0
 full_count=0

Compilation events (10 events):
Event: 0.491 Thread 0x00000257f7900000 nmethod 587 0x00000257e0d86990 code [0x00000257e0d87040, 0x00000257e0d8acd8]
Event: 0.491 Thread 0x00000257f7900000  590       3       java.util.Properties::loadConvert (524 bytes)
Event: 0.492 Thread 0x00000257f7900000 nmethod 590 0x00000257e0d8cf10 code [0x00000257e0d8d220, 0x00000257e0d8e858]
Event: 0.492 Thread 0x00000257f7900000  593       3       java.net.URLStreamHandler::setURL (73 bytes)
Event: 0.493 Thread 0x00000257f7900000 nmethod 593 0x00000257e0d8f010 code [0x00000257e0d8f2e0, 0x00000257e0d90018]
Event: 0.493 Thread 0x00000257f7900000  594   !   3       java.net.URL::set (114 bytes)
Event: 0.494 Thread 0x00000257f7900000 nmethod 594 0x00000257e0d90510 code [0x00000257e0d90780, 0x00000257e0d914f8]
Event: 0.494 Thread 0x00000257f7900000  588       3       sun.net.www.protocol.file.Handler::parseURL (18 bytes)
Event: 0.494 Thread 0x00000257f7900000 nmethod 588 0x00000257e0d91910 code [0x00000257e0d91ac0, 0x00000257e0d91c58]
Event: 0.494 Thread 0x00000257f7900000  589       3       java.net.URLStreamHandler::parseURL (1201 bytes)

GC Heap History (0 events):
No events

Deoptimization events (2 events):
Event: 0.283 Thread 0x00000257d90c3000 Uncommon trap: reason=unstable_if action=reinterpret pc=0x00000257e81f8e94 method=java.util.zip.ZipFile$Source.isMetaName([BII)Z @ 43 c2
Event: 0.295 Thread 0x00000257d90c3000 Uncommon trap: reason=unstable_if action=reinterpret pc=0x00000257e81ed39c method=java.util.HashMap.putVal(ILjava/lang/Object;Ljava/lang/Object;ZZ)Ljava/lang/Object; @ 181 c2

Classes redefined (0 events):
No events

Internal exceptions (5 events):
Event: 0.165 Thread 0x00000257d90c3000 Exception <a 'java/security/PrivilegedActionException'{0x00000000894d79c0}> (0x00000000894d79c0) thrown at [./open/src/hotspot/share/prims/jvm.cpp, line 1305]
Event: 0.165 Thread 0x00000257d90c3000 Exception <a 'java/security/PrivilegedActionException'{0x00000000894d7c90}> (0x00000000894d7c90) thrown at [./open/src/hotspot/share/prims/jvm.cpp, line 1305]
Event: 0.257 Thread 0x00000257d90c3000 Exception <a 'java/lang/NoSuchMethodError'{0x00000000891a91b0}: java.lang.invoke.DirectMethodHandle$Holder.invokeSpecialIFC(Ljava/lang/Object;Ljava/lang/Object;I)I> (0x00000000891a91b0) thrown at [./open/src/hotspot/share/interpreter/linkResolver.cpp, lin
Event: 0.300 Thread 0x00000257d90c3000 Exception <a 'java/lang/NoSuchMethodError'{0x00000000890b97c8}: java.lang.invoke.DirectMethodHandle$Holder.invokeStaticInit(Ljava/lang/Object;IIII)Ljava/lang/Object;> (0x00000000890b97c8) thrown at [./open/src/hotspot/share/interpreter/linkResolver.cpp, l
Event: 0.421 Thread 0x00000257d90c3000 Exception <a 'java/lang/NoSuchMethodError'{0x00000000890df678}: java.lang.invoke.DirectMethodHandle$Holder.invokeStaticInit(Ljava/lang/Object;Ljava/lang/Object;IIII)Ljava/lang/Object;> (0x00000000890df678) thrown at [./open/src/hotspot/share/interpreter/l

Events (10 events):
Event: 0.501 loading class java/io/FileReader
Event: 0.501 loading class java/io/FileReader done
Event: 0.501 loading class org/codehaus/plexus/util/xml/XmlStreamReaderException
Event: 0.501 loading class org/codehaus/plexus/util/xml/XmlStreamReaderException done
Event: 0.501 loading class org/codehaus/plexus/util/xml/XmlReaderException
Event: 0.501 loading class org/codehaus/plexus/util/xml/XmlReaderException done
Event: 0.502 loading class java/util/regex/Pattern$BnM
Event: 0.502 loading class java/util/regex/Pattern$BnM done
Event: 0.502 loading class java/util/regex/Pattern$SliceS
Event: 0.502 loading class java/util/regex/Pattern$SliceS done


Dynamic libraries:
0x00007ff741c90000 - 0x00007ff741c9f000 	C:\Program Files\Java\jdk-11.0.15\bin\java.exe
0x00007ffb657d0000 - 0x00007ffb659c5000 	C:\Windows\SYSTEM32\ntdll.dll
0x00007ffb65270000 - 0x00007ffb6532e000 	C:\Windows\System32\KERNEL32.DLL
0x00007ffb62ef0000 - 0x00007ffb631b9000 	C:\Windows\System32\KERNELBASE.dll
0x00007ffb63540000 - 0x00007ffb63640000 	C:\Windows\System32\ucrtbase.dll
0x00007ffb546a0000 - 0x00007ffb546b5000 	C:\Program Files\Java\jdk-11.0.15\bin\VCRUNTIME140.dll
0x00007ffb546c0000 - 0x00007ffb546d8000 	C:\Program Files\Java\jdk-11.0.15\bin\jli.dll
0x00007ffb63820000 - 0x00007ffb638cc000 	C:\Windows\System32\ADVAPI32.dll
0x00007ffb63d90000 - 0x00007ffb63e2e000 	C:\Windows\System32\msvcrt.dll
0x00007ffb63ad0000 - 0x00007ffb63b6b000 	C:\Windows\System32\sechost.dll
0x00007ffb64860000 - 0x00007ffb6498a000 	C:\Windows\System32\RPCRT4.dll
0x00007ffb64e10000 - 0x00007ffb64fb1000 	C:\Windows\System32\USER32.dll
0x00007ffb57720000 - 0x00007ffb579ba000 	C:\Windows\WinSxS\amd64_microsoft.windows.common-controls_6595b64144ccf1df_6.0.19041.1110_none_60b5254171f9507e\COMCTL32.dll
0x00007ffb63320000 - 0x00007ffb63342000 	C:\Windows\System32\win32u.dll
0x00007ffb63d50000 - 0x00007ffb63d7b000 	C:\Windows\System32\GDI32.dll
0x00007ffb63210000 - 0x00007ffb6331b000 	C:\Windows\System32\gdi32full.dll
0x00007ffb636f0000 - 0x00007ffb6378d000 	C:\Windows\System32\msvcp_win.dll
0x00007ffb62880000 - 0x00007ffb6288a000 	C:\Windows\SYSTEM32\VERSION.dll
0x00007ffb651d0000 - 0x00007ffb65200000 	C:\Windows\System32\IMM32.DLL
0x00007ffb62890000 - 0x00007ffb628c6000 	C:\Windows\system32\DriverStore\FileRepository\nvam.inf_amd64_1aae4f19e68d0780\nvinitx.dll
0x00007ffb63fe0000 - 0x00007ffb6471f000 	C:\Windows\System32\Shell32.dll
0x00007ffb60fa0000 - 0x00007ffb61730000 	C:\Windows\SYSTEM32\windows.storage.dll
0x00007ffb653c0000 - 0x00007ffb65715000 	C:\Windows\System32\combase.dll
0x00007ffb628d0000 - 0x00007ffb628fc000 	C:\Windows\SYSTEM32\Wldp.dll
0x00007ffb63b70000 - 0x00007ffb63c1e000 	C:\Windows\System32\SHCORE.dll
0x00007ffb65170000 - 0x00007ffb651c5000 	C:\Windows\System32\shlwapi.dll
0x000000006b0e0000 - 0x000000006b0e6000 	C:\Program Files\NVIDIA Corporation\CoProcManager\_etoured.dll
0x00007ffb5bfb0000 - 0x00007ffb5bff3000 	C:\Program Files\NVIDIA Corporation\CoProcManager\nvd3d9wrapx.dll
0x00007ffb64990000 - 0x00007ffb64e02000 	C:\Windows\System32\SETUPAPI.dll
0x00007ffb631c0000 - 0x00007ffb6320e000 	C:\Windows\System32\cfgmgr32.dll
0x00007ffb63510000 - 0x00007ffb63537000 	C:\Windows\System32\bcrypt.dll
0x00007ffb5bef0000 - 0x00007ffb5bf1d000 	C:\Program Files\NVIDIA Corporation\CoProcManager\nvdxgiwrapx.dll
0x00007ffb44fd0000 - 0x00007ffb4506b000 	C:\Program Files\Java\jdk-11.0.15\bin\msvcp140.dll
0x00007ffb340c0000 - 0x00007ffb34bd6000 	C:\Program Files\Java\jdk-11.0.15\bin\server\jvm.dll
0x00007ffb65780000 - 0x00007ffb65788000 	C:\Windows\System32\PSAPI.DLL
0x00007ffb5ab40000 - 0x00007ffb5ab67000 	C:\Windows\SYSTEM32\WINMM.dll
0x00007ffb60660000 - 0x00007ffb60669000 	C:\Windows\SYSTEM32\WSOCK32.dll
0x00007ffb65200000 - 0x00007ffb6526b000 	C:\Windows\System32\WS2_32.dll
0x00007ffb60da0000 - 0x00007ffb60db2000 	C:\Windows\SYSTEM32\kernel.appcore.dll
0x00007ffb5c720000 - 0x00007ffb5c730000 	C:\Program Files\Java\jdk-11.0.15\bin\verify.dll
0x00007ffb556a0000 - 0x00007ffb55884000 	C:\Windows\SYSTEM32\DBGHELP.DLL
0x00007ffb55650000 - 0x00007ffb5567c000 	C:\Windows\SYSTEM32\dbgcore.DLL
0x00007ffb63790000 - 0x00007ffb63813000 	C:\Windows\System32\bcryptPrimitives.dll
0x00007ffb51340000 - 0x00007ffb51368000 	C:\Program Files\Java\jdk-11.0.15\bin\java.dll
0x00007ffb5bdc0000 - 0x00007ffb5bdca000 	C:\Program Files\Java\jdk-11.0.15\bin\jimage.dll
0x00007ffb51330000 - 0x00007ffb5133e000 	C:\Program Files\Java\jdk-11.0.15\bin\instrument.dll
0x00007ffb4dbb0000 - 0x00007ffb4dbc6000 	C:\Program Files\Java\jdk-11.0.15\bin\zip.dll
0x00007ffb62e30000 - 0x00007ffb62e4f000 	C:\Windows\SYSTEM32\profapi.dll
0x00007ffb4d960000 - 0x00007ffb4d979000 	C:\Program Files\Java\jdk-11.0.15\bin\net.dll
0x00007ffb59060000 - 0x00007ffb59168000 	C:\Windows\SYSTEM32\WINHTTP.dll
0x00007ffb62580000 - 0x00007ffb625ea000 	C:\Windows\system32\mswsock.dll
0x00007ffb4d830000 - 0x00007ffb4d842000 	C:\Program Files\Java\jdk-11.0.15\bin\nio.dll
0x00007ffb4cf10000 - 0x00007ffb4cf2a000 	C:\Program Files\JetBrains\IntelliJ IDEA Community Edition 2022.2.1\bin\breakgen64.dll
0x00007ffb627d0000 - 0x00007ffb627e8000 	C:\Windows\SYSTEM32\CRYPTSP.dll
0x00007ffb61f00000 - 0x00007ffb61f34000 	C:\Windows\system32\rsaenh.dll
0x00007ffb62df0000 - 0x00007ffb62e1e000 	C:\Windows\SYSTEM32\USERENV.dll
0x00007ffb627f0000 - 0x00007ffb627fc000 	C:\Windows\SYSTEM32\CRYPTBASE.dll
0x00007ffb62270000 - 0x00007ffb622ab000 	C:\Windows\SYSTEM32\IPHLPAPI.DLL
0x00007ffb63d80000 - 0x00007ffb63d88000 	C:\Windows\System32\NSI.dll
0x00007ffb5c320000 - 0x00007ffb5c337000 	C:\Windows\SYSTEM32\dhcpcsvc6.DLL
0x00007ffb5c210000 - 0x00007ffb5c22d000 	C:\Windows\SYSTEM32\dhcpcsvc.DLL
0x00007ffb622b0000 - 0x00007ffb6237c000 	C:\Windows\SYSTEM32\DNSAPI.dll
0x00007ffb4d0c0000 - 0x00007ffb4d0ca000 	C:\Users\Fredyshar\AppData\Local\Temp\jansi-1.17.1-13846921976079195303.dll
0x00007ffb4cf00000 - 0x00007ffb4cf0a000 	C:\Users\Fredyshar\AppData\Local\Temp\jansi-1.17.1-4843055004991812218.dll

dbghelp: loaded successfully - version: 4.0.5 - missing functions: none
symbol engine: initialized successfully - sym options: 0x614 - pdb path: .;C:\Program Files\Java\jdk-11.0.15\bin;C:\Windows\SYSTEM32;C:\Windows\WinSxS\amd64_microsoft.windows.common-controls_6595b64144ccf1df_6.0.19041.1110_none_60b5254171f9507e;C:\Windows\system32\DriverStore\FileRepository\nvam.inf_amd64_1aae4f19e68d0780;C:\Program Files\NVIDIA Corporation\CoProcManager;C:\Program Files\Java\jdk-11.0.15\bin\server;C:\Program Files\JetBrains\IntelliJ IDEA Community Edition 2022.2.1\bin;C:\Users\Fredyshar\AppData\Local\Temp

VM Arguments:
jvm_args: -Dmaven.multiModuleProjectDirectory=C:\Project\example\Proba-new -Dmaven.home=C:\Program Files\JetBrains\IntelliJ IDEA Community Edition 2022.2.1\plugins\maven\lib\maven3 -Dclassworlds.conf=C:\Program Files\JetBrains\IntelliJ IDEA Community Edition 2022.2.1\plugins\maven\lib\maven3\bin\m2.conf -Dmaven.ext.class.path=C:\Program Files\JetBrains\IntelliJ IDEA Community Edition 2022.2.1\plugins\maven\lib\maven-event-listener.jar -javaagent:C:\Program Files\JetBrains\IntelliJ IDEA Community Edition 2022.2.1\lib\idea_rt.jar=57876:C:\Program Files\JetBrains\IntelliJ IDEA Community Edition 2022.2.1\bin -Dfile.encoding=UTF-8 
java_command: org.codehaus.classworlds.Launcher -Didea.version=2022.2.1 clean test
java_class_path (initial): C:\Program Files\JetBrains\IntelliJ IDEA Community Edition 2022.2.1\plugins\maven\lib\maven3\boot\plexus-classworlds-2.6.0.jar;C:\Program Files\JetBrains\IntelliJ IDEA Community Edition 2022.2.1\plugins\maven\lib\maven3\boot\plexus-classworlds.license
Launcher Type: SUN_STANDARD

[Global flags]
     intx CICompilerCount                          = 4                                         {product} {ergonomic}
     uint ConcGCThreads                            = 2                                         {product} {ergonomic}
     uint G1ConcRefinementThreads                  = 8                                         {product} {ergonomic}
   size_t G1HeapRegionSize                         = 1048576                                   {product} {ergonomic}
    uintx GCDrainStackTargetSize                   = 64                                        {product} {ergonomic}
   size_t InitialHeapSize                          = 134217728                                 {product} {ergonomic}
   size_t MarkStackSize                            = 4194304                                   {product} {ergonomic}
   size_t MaxHeapSize                              = 2124414976                                {product} {ergonomic}
   size_t MaxNewSize                               = 1274019840                                {product} {ergonomic}
   size_t MinHeapDeltaBytes                        = 1048576                                   {product} {ergonomic}
    uintx NonNMethodCodeHeapSize                   = 5836300                                {pd product} {ergonomic}
    uintx NonProfiledCodeHeapSize                  = 122910970                              {pd product} {ergonomic}
    uintx ProfiledCodeHeapSize                     = 122910970                              {pd product} {ergonomic}
    uintx ReservedCodeCacheSize                    = 251658240                              {pd product} {ergonomic}
     bool SegmentedCodeCache                       = true                                      {product} {ergonomic}
     bool UseCompressedClassPointers               = true                                 {lp64_product} {ergonomic}
     bool UseCompressedOops                        = true                                 {lp64_product} {ergonomic}
     bool UseG1GC                                  = true                                      {product} {ergonomic}
     bool UseLargePagesIndividualAllocation        = false                                  {pd product} {ergonomic}

Logging:
Log output configuration:
 #0: stdout all=warning uptime,level,tags
 #1: stderr all=off uptime,level,tags

Environment Variables:
PATH=C:\Program Files\Common Files\Oracle\Java\javapath;C:\Windows\system32;C:\Windows;C:\Windows\System32\Wbem;C:\Windows\System32\WindowsPowerShell\v1.0\;C:\Program Files\Git\cmd;C:\Users\Fredyshar\AppData\Local\Microsoft\WindowsApps;;C:\Users\Fredyshar\AppData\Local\Programs\Microsoft VS Code\bin;C:\Program Files\JetBrains\IntelliJ IDEA Community Edition 2022.2.1\bin;
USERNAME=Fredyshar
OS=Windows_NT
PROCESSOR_IDENTIFIER=Intel64 Family 6 Model 42 Stepping 7, GenuineIntel



---------------  S Y S T E M  ---------------

OS: Windows 10 , 64 bit Build 19041 (10.0.19041.1202)

CPU:total 8 (initial active 8) (4 cores per cpu, 2 threads per core) family 6 model 42 stepping 7 microcode 0x2f, cmov, cx8, fxsr, mmx, sse, sse2, sse3, ssse3, sse4.1, sse4.2, popcnt, avx, aes, clmul, ht, tsc, tscinvbit

Memory: 4k page, system-wide physical 8102M (491M free)
TotalPageFile size 8102M (AvailPageFile size 3M)
current process WorkingSet (physical memory assigned to process): 56M, peak: 56M
current process commit charge ("private bytes"): 218M, peak: 218M

vm_info: Java HotSpot(TM) 64-Bit Server VM (11.0.15+8-LTS-149) for windows-amd64 JRE (11.0.15+8-LTS-149), built on Mar  9 2022 22:42:32 by "mach5one" with MS VC++ 15.9 (VS2017)

END.
