#
# There is insufficient memory for the Java Runtime Environment to continue.
# Native memory allocation (mmap) failed to map 134217728 bytes for Failed to commit area from 0x0000000081600000 to 0x0000000089600000 of length 134217728.
# Possible reasons:
#   The system is out of physical RAM or swap space
#   The process is running with CompressedOops enabled, and the Java Heap may be blocking the growth of the native heap
# Possible solutions:
#   Reduce memory load on the system
#   Increase physical memory or swap space
#   Check if swap backing store is full
#   Decrease Java heap size (-Xmx/-Xms)
#   Decrease number of Java threads
#   Decrease Java thread stack sizes (-Xss)
#   Set larger code cache with -XX:ReservedCodeCacheSize=
# This output file may be truncated or incomplete.
#
#  Out of Memory Error (./open/src/hotspot/os/windows/os_windows.cpp:3287), pid=8200, tid=4600
#
# JRE version:  (11.0.15+8) (build )
# Java VM: Java HotSpot(TM) 64-Bit Server VM (11.0.15+8-LTS-149, mixed mode, sharing, tiered, compressed oops, g1 gc, windows-amd64)
# No core dump will be written. Minidumps are not enabled by default on client versions of Windows
#

---------------  S U M M A R Y ------------

Command Line: -javaagent:C:\\Users\\Fredyshar\\.m2\\repository\\org\\jacoco\\org.jacoco.agent\\0.8.5\\org.jacoco.agent-0.8.5-runtime.jar=destfile=C:\\Project\\example\\Proba-new\\target\\jacoco.exec C:\Users\FREDYS~1\AppData\Local\Temp\surefire14577861419815830285\surefirebooter17419126527673555866.jar C:\Users\Fredyshar\AppData\Local\Temp\surefire14577861419815830285 2022-09-11T20-48-15_054-jvmRun1 surefire15299024873105573186tmp surefire_012430924208588119356tmp

Host: Intel(R) Core(TM) i7-2670QM CPU @ 2.20GHz, 8 cores, 7G,  Windows 10 , 64 bit Build 19041 (10.0.19041.1202)
Time: Sun Sep 11 20:48:15 2022 RTZ 2 (зима) elapsed time: 0.010756 seconds (0d 0h 0m 0s)

---------------  T H R E A D  ---------------

Current thread (0x000001844cef5800):  JavaThread "Unknown thread" [_thread_in_vm, id=4600, stack(0x0000000100600000,0x0000000100700000)]

Stack: [0x0000000100600000,0x0000000100700000]
Native frames: (J=compiled Java code, j=interpreted, Vv=VM code, C=native code)
V  [jvm.dll+0x629d8a]
V  [jvm.dll+0x7638ff]
V  [jvm.dll+0x764fa9]
V  [jvm.dll+0x765633]
V  [jvm.dll+0x23d9c8]
V  [jvm.dll+0x6270aa]
V  [jvm.dll+0x61be35]
V  [jvm.dll+0x2f27dc]
V  [jvm.dll+0x2f2662]
V  [jvm.dll+0x2f7386]
V  [jvm.dll+0x339d8f]
V  [jvm.dll+0x3397c0]
V  [jvm.dll+0x2cfdf8]
V  [jvm.dll+0x2d0f66]
V  [jvm.dll+0x73df07]
V  [jvm.dll+0x73f79f]
V  [jvm.dll+0x346ab9]
V  [jvm.dll+0x723810]
V  [jvm.dll+0x3b56cf]
V  [jvm.dll+0x3b77e1]
C  [jli.dll+0x5207]
C  [ucrtbase.dll+0x21bb2]
C  [KERNEL32.DLL+0x17034]
C  [ntdll.dll+0x52651]


---------------  P R O C E S S  ---------------

Threads class SMR info:
_java_thread_list=0x000001844cd7a650, length=0, elements={
}

Java Threads: ( => current thread )

Other Threads:
  0x000001844cf0c800 GCTaskThread "GC Thread#0" [stack: 0x0000000100700000,0x0000000100800000] [id=7332]
  0x000001844cf3c000 ConcurrentGCThread "G1 Main Marker" [stack: 0x0000000100800000,0x0000000100900000] [id=596]
  0x000001844cf3d000 ConcurrentGCThread "G1 Conc#0" [stack: 0x0000000100900000,0x0000000100a00000] [id=8948]

[error occurred during error reporting (printing all threads), id 0xc0000005, EXCEPTION_ACCESS_VIOLATION (0xc0000005) at pc=0x00007ffb3439f087]

VM state:not at safepoint (not fully initialized)

VM Mutex/Monitor currently owned by a thread:  ([mutex/lock_event])
[0x000001844cef32f0] Heap_lock - owner thread: 0x000001844cef5800

Heap address: 0x0000000081600000, size: 2026 MB, Compressed Oops mode: Non-zero based: 0x0000000081600000
Narrow klass base: 0x0000000000000000, Narrow klass shift: 0

GC Heap History (0 events):
No events

Deoptimization events (0 events):
No events

Classes redefined (0 events):
No events

Internal exceptions (0 events):
No events

Events (0 events):
No events


Dynamic libraries:
0x00007ff741c90000 - 0x00007ff741c9f000 	C:\Program Files\Java\jdk-11.0.15\bin\java.exe
0x00007ffb657d0000 - 0x00007ffb659c5000 	C:\Windows\SYSTEM32\ntdll.dll
0x00007ffb65270000 - 0x00007ffb6532e000 	C:\Windows\System32\KERNEL32.DLL
0x00007ffb62ef0000 - 0x00007ffb631b9000 	C:\Windows\System32\KERNELBASE.dll
0x00007ffb63540000 - 0x00007ffb63640000 	C:\Windows\System32\ucrtbase.dll
0x00007ffb546a0000 - 0x00007ffb546b5000 	C:\Program Files\Java\jdk-11.0.15\bin\VCRUNTIME140.dll
0x00007ffb546c0000 - 0x00007ffb546d8000 	C:\Program Files\Java\jdk-11.0.15\bin\jli.dll
0x00007ffb63820000 - 0x00007ffb638cc000 	C:\Windows\System32\ADVAPI32.dll
0x00007ffb63d90000 - 0x00007ffb63e2e000 	C:\Windows\System32\msvcrt.dll
0x00007ffb63ad0000 - 0x00007ffb63b6b000 	C:\Windows\System32\sechost.dll
0x00007ffb64860000 - 0x00007ffb6498a000 	C:\Windows\System32\RPCRT4.dll
0x00007ffb64e10000 - 0x00007ffb64fb1000 	C:\Windows\System32\USER32.dll
0x00007ffb63320000 - 0x00007ffb63342000 	C:\Windows\System32\win32u.dll
0x00007ffb57720000 - 0x00007ffb579ba000 	C:\Windows\WinSxS\amd64_microsoft.windows.common-controls_6595b64144ccf1df_6.0.19041.1110_none_60b5254171f9507e\COMCTL32.dll
0x00007ffb63d50000 - 0x00007ffb63d7b000 	C:\Windows\System32\GDI32.dll
0x00007ffb63210000 - 0x00007ffb6331b000 	C:\Windows\System32\gdi32full.dll
0x00007ffb636f0000 - 0x00007ffb6378d000 	C:\Windows\System32\msvcp_win.dll
0x00007ffb62880000 - 0x00007ffb6288a000 	C:\Windows\SYSTEM32\VERSION.dll
0x00007ffb651d0000 - 0x00007ffb65200000 	C:\Windows\System32\IMM32.DLL
0x00007ffb62890000 - 0x00007ffb628c6000 	C:\Windows\system32\DriverStore\FileRepository\nvam.inf_amd64_1aae4f19e68d0780\nvinitx.dll
0x00007ffb63fe0000 - 0x00007ffb6471f000 	C:\Windows\System32\Shell32.dll
0x00007ffb60fa0000 - 0x00007ffb61730000 	C:\Windows\SYSTEM32\windows.storage.dll
0x00007ffb653c0000 - 0x00007ffb65715000 	C:\Windows\System32\combase.dll
0x00007ffb628d0000 - 0x00007ffb628fc000 	C:\Windows\SYSTEM32\Wldp.dll
0x00007ffb63b70000 - 0x00007ffb63c1e000 	C:\Windows\System32\SHCORE.dll
0x00007ffb65170000 - 0x00007ffb651c5000 	C:\Windows\System32\shlwapi.dll
0x000000006b0e0000 - 0x000000006b0e6000 	C:\Program Files\NVIDIA Corporation\CoProcManager\_etoured.dll
0x00007ffb5bfb0000 - 0x00007ffb5bff3000 	C:\Program Files\NVIDIA Corporation\CoProcManager\nvd3d9wrapx.dll
0x00007ffb64990000 - 0x00007ffb64e02000 	C:\Windows\System32\SETUPAPI.dll
0x00007ffb631c0000 - 0x00007ffb6320e000 	C:\Windows\System32\cfgmgr32.dll
0x00007ffb63510000 - 0x00007ffb63537000 	C:\Windows\System32\bcrypt.dll
0x00007ffb5bef0000 - 0x00007ffb5bf1d000 	C:\Program Files\NVIDIA Corporation\CoProcManager\nvdxgiwrapx.dll
0x00007ffb44fd0000 - 0x00007ffb4506b000 	C:\Program Files\Java\jdk-11.0.15\bin\msvcp140.dll
0x00007ffb340c0000 - 0x00007ffb34bd6000 	C:\Program Files\Java\jdk-11.0.15\bin\server\jvm.dll
0x00007ffb65780000 - 0x00007ffb65788000 	C:\Windows\System32\PSAPI.DLL
0x00007ffb60660000 - 0x00007ffb60669000 	C:\Windows\SYSTEM32\WSOCK32.dll
0x00007ffb5ab40000 - 0x00007ffb5ab67000 	C:\Windows\SYSTEM32\WINMM.dll
0x00007ffb65200000 - 0x00007ffb6526b000 	C:\Windows\System32\WS2_32.dll
0x00007ffb60da0000 - 0x00007ffb60db2000 	C:\Windows\SYSTEM32\kernel.appcore.dll
0x00007ffb5c720000 - 0x00007ffb5c730000 	C:\Program Files\Java\jdk-11.0.15\bin\verify.dll
0x00007ffb556a0000 - 0x00007ffb55884000 	C:\Windows\SYSTEM32\DBGHELP.DLL
0x00007ffb55650000 - 0x00007ffb5567c000 	C:\Windows\SYSTEM32\dbgcore.DLL
0x00007ffb63790000 - 0x00007ffb63813000 	C:\Windows\System32\bcryptPrimitives.dll
0x00007ffb51340000 - 0x00007ffb51368000 	C:\Program Files\Java\jdk-11.0.15\bin\java.dll
0x00007ffb5bdc0000 - 0x00007ffb5bdca000 	C:\Program Files\Java\jdk-11.0.15\bin\jimage.dll
0x00007ffb51330000 - 0x00007ffb5133e000 	C:\Program Files\Java\jdk-11.0.15\bin\instrument.dll
0x00007ffb4dbb0000 - 0x00007ffb4dbc6000 	C:\Program Files\Java\jdk-11.0.15\bin\zip.dll

dbghelp: loaded successfully - version: 4.0.5 - missing functions: none
symbol engine: initialized successfully - sym options: 0x614 - pdb path: .;C:\Program Files\Java\jdk-11.0.15\bin;C:\Windows\SYSTEM32;C:\Windows\WinSxS\amd64_microsoft.windows.common-controls_6595b64144ccf1df_6.0.19041.1110_none_60b5254171f9507e;C:\Windows\system32\DriverStore\FileRepository\nvam.inf_amd64_1aae4f19e68d0780;C:\Program Files\NVIDIA Corporation\CoProcManager;C:\Program Files\Java\jdk-11.0.15\bin\server

VM Arguments:
jvm_args: -javaagent:C:\\Users\\Fredyshar\\.m2\\repository\\org\\jacoco\\org.jacoco.agent\\0.8.5\\org.jacoco.agent-0.8.5-runtime.jar=destfile=C:\\Project\\example\\Proba-new\\target\\jacoco.exec 
java_command: C:\Users\FREDYS~1\AppData\Local\Temp\surefire14577861419815830285\surefirebooter17419126527673555866.jar C:\Users\Fredyshar\AppData\Local\Temp\surefire14577861419815830285 2022-09-11T20-48-15_054-jvmRun1 surefire15299024873105573186tmp surefire_012430924208588119356tmp
java_class_path (initial): C:\Users\FREDYS~1\AppData\Local\Temp\surefire14577861419815830285\surefirebooter17419126527673555866.jar
Launcher Type: SUN_STANDARD

[Global flags]
     intx CICompilerCount                          = 4                                         {product} {ergonomic}
     uint ConcGCThreads                            = 2                                         {product} {ergonomic}
     uint G1ConcRefinementThreads                  = 8                                         {product} {ergonomic}
   size_t G1HeapRegionSize                         = 1048576                                   {product} {ergonomic}
    uintx GCDrainStackTargetSize                   = 64                                        {product} {ergonomic}
   size_t InitialHeapSize                          = 134217728                                 {product} {ergonomic}
   size_t MarkStackSize                            = 4194304                                   {product} {ergonomic}
   size_t MaxHeapSize                              = 2124414976                                {product} {ergonomic}
   size_t MinHeapDeltaBytes                        = 1048576                                   {product} {ergonomic}
    uintx NonNMethodCodeHeapSize                   = 5836300                                {pd product} {ergonomic}
    uintx NonProfiledCodeHeapSize                  = 122910970                              {pd product} {ergonomic}
    uintx ProfiledCodeHeapSize                     = 122910970                              {pd product} {ergonomic}
    uintx ReservedCodeCacheSize                    = 251658240                              {pd product} {ergonomic}
     bool SegmentedCodeCache                       = true                                      {product} {ergonomic}
     bool UseCompressedClassPointers               = true                                 {lp64_product} {ergonomic}
     bool UseCompressedOops                        = true                                 {lp64_product} {ergonomic}
     bool UseG1GC                                  = true                                      {product} {ergonomic}
     bool UseLargePagesIndividualAllocation        = false                                  {pd product} {ergonomic}

Logging:
Log output configuration:
 #0: stdout all=warning uptime,level,tags
 #1: stderr all=off uptime,level,tags

Environment Variables:
PATH=C:\Program Files\Common Files\Oracle\Java\javapath;C:\Windows\system32;C:\Windows;C:\Windows\System32\Wbem;C:\Windows\System32\WindowsPowerShell\v1.0\;C:\Program Files\Git\cmd;C:\Users\Fredyshar\AppData\Local\Microsoft\WindowsApps;;C:\Users\Fredyshar\AppData\Local\Programs\Microsoft VS Code\bin;C:\Program Files\JetBrains\IntelliJ IDEA Community Edition 2022.2.1\bin;
USERNAME=Fredyshar
OS=Windows_NT
PROCESSOR_IDENTIFIER=Intel64 Family 6 Model 42 Stepping 7, GenuineIntel



---------------  S Y S T E M  ---------------

OS: Windows 10 , 64 bit Build 19041 (10.0.19041.1202)

CPU:total 8 (initial active 8) (4 cores per cpu, 2 threads per core) family 6 model 42 stepping 7 microcode 0x2f, cmov, cx8, fxsr, mmx, sse, sse2, sse3, ssse3, sse4.1, sse4.2, popcnt, avx, aes, clmul, ht, tsc, tscinvbit

Memory: 4k page, system-wide physical 8102M (455M free)
TotalPageFile size 8102M (AvailPageFile size 56M)
current process WorkingSet (physical memory assigned to process): 12M, peak: 12M
current process commit charge ("private bytes"): 61M, peak: 188M

vm_info: Java HotSpot(TM) 64-Bit Server VM (11.0.15+8-LTS-149) for windows-amd64 JRE (11.0.15+8-LTS-149), built on Mar  9 2022 22:42:32 by "mach5one" with MS VC++ 15.9 (VS2017)

END.
